<?xml version="1.0" encoding="UTF-8"?>
<!-- Generated by org.testng.reporters.JUnitReportReporter -->
<testsuite hostname="ZSRIL-3NT30J3" failures="0" tests="3" name="com.MyTests.SearchTest" time="54.409" errors="0" timestamp="2022-09-15T16:25:58 IST" skipped="2">
  <testcase classname="com.MyTests.SearchTest" name="navigateToAws" time="54.409"/>
  <system-out/>
  <testcase classname="com.MyTests.SearchTest" name="validateCloudProviders">
    <skipped/>
  </testcase> <!-- validateCloudProviders -->
  <system-out/>
  <testcase classname="com.MyTests.SearchTest" name="navigateToZdNet">
    <skipped/>
  </testcase> <!-- navigateToZdNet -->
  <system-out/>
</testsuite> <!-- com.MyTests.SearchTest -->
