<?xml version="1.0" encoding="UTF-8"?>
<!-- Generated by org.testng.reporters.JUnitReportReporter -->
<testsuite hostname="ZSRIL-3NT30J3" failures="0" tests="3" name="com.MyTests.UserLogin" time="15.103" errors="0" timestamp="2022-10-07T22:53:28 IST" skipped="2">
  <testcase classname="com.MyTests.UserLogin" name="navigateToFlightsPage" time="15.103"/>
  <system-out/>
  <testcase classname="com.MyTests.UserLogin" name="FindFlights">
    <skipped/>
  </testcase> <!-- FindFlights -->
  <system-out/>
  <testcase classname="com.MyTests.UserLogin" name="validateDepartingFlights">
    <skipped/>
  </testcase> <!-- validateDepartingFlights -->
  <system-out/>
</testsuite> <!-- com.MyTests.UserLogin -->
