<?xml version="1.0" encoding="UTF-8"?>
<!-- Generated by org.testng.reporters.JUnitReportReporter -->
<testsuite hostname="ZSRIL-3NT30J3" failures="0" tests="3" name="com.MyTests.FlightsTest" time="40.869" errors="0" timestamp="2022-09-28T18:37:38 IST" skipped="0">
  <testcase classname="com.MyTests.FlightsTest" name="navigateToFlightsPage" time="13.987"/>
  <system-out/>
  <testcase classname="com.MyTests.FlightsTest" name="FindFlights" time="13.658"/>
  <system-out/>
  <testcase classname="com.MyTests.FlightsTest" name="validateDepartingFlights" time="13.224"/>
  <system-out/>
</testsuite> <!-- com.MyTests.FlightsTest -->
