<?xml version="1.0" encoding="UTF-8"?>
<!-- Generated by org.testng.reporters.JUnitReportReporter -->
<testsuite hostname="ZSRIL-3NT30J3" failures="0" tests="1" name="com.SecondTask.ReadExcelValues" time="0.403" errors="0" timestamp="2022-09-28T16:52:10 IST" skipped="0">
  <testcase classname="com.SecondTask.ReadExcelValues" name="readValuesExcel" time="0.403"/>
  <system-out/>
</testsuite> <!-- com.SecondTask.ReadExcelValues -->
